<?xml version="1.0" encoding="UTF-8"?>
<!-- Generated by org.testng.reporters.JUnitXMLReporter -->
<testsuite ignored="0" hostname="DESKTOP-0ET8UQQ" failures="0" tests="2" name="Test Runner-2" time="63.464" errors="0" timestamp="2023-03-31T11:16:59 IST">
  <testcase classname="vtiger.Organization.Tests.CreateOrganizationTest" name="createOrgTest" time="29.748"/>
  <testcase classname="vtiger.Organization.Tests.CreateOrganizationTest" name="demo" time="0.005"/>
</testsuite> <!-- Test Runner-2 -->
